<?xml version="1.0" encoding="UTF-8"?>
<!-- Generated by org.testng.reporters.JUnitXMLReporter -->
<testsuite ignored="0" hostname="DESKTOP-O5MDK6V" failures="0" tests="4" name="Test" time="0.07" errors="0" timestamp="2022-07-07T22:06:52 IST">
  <testcase classname="TestNg.GroupsAttribt" name="IsBtnEnable" time="0.01"/>
  <testcase classname="TestNg.GroupsAttribt" name="IsTextBox" time="0.001"/>
  <testcase classname="TestNg.GroupsAttribt" name="Module1" time="0.002"/>
  <testcase classname="TestNg.GroupsAttribt" name="Module2" time="0.002"/>
</testsuite> <!-- Test -->
