<?xml version="1.0" encoding="UTF-8"?>
<!-- Generated by org.testng.reporters.JUnitXMLReporter -->
<testsuite ignored="1" hostname="DESKTOP-O5MDK6V" failures="0" tests="2" name="Test1" time="0.063" errors="0" timestamp="2022-07-01T12:11:52 IST">
  <testcase classname="TestNg.NewTestng" name="f" time="0.006"/>
  <testcase classname="TestNg.NewTestngclass2" name="f2" time="0.002"/>
  <testcase classname="TestNg.NewTestngclass2" name="f" time="0.0">
    <ignored/>
  </testcase> <!-- f -->
</testsuite> <!-- Test1 -->
