<?xml version="1.0" encoding="UTF-8"?>
<testng-results ignored="0" total="1" passed="1" failed="0" skipped="0">
  <reporter-output>
  </reporter-output>
  <suite started-at="2022-07-12T18:31:44 IST" name="Default suite" finished-at="2022-07-12T18:31:58 IST" duration-ms="13439">
    <groups>
    </groups>
    <test started-at="2022-07-12T18:31:44 IST" name="Default test" finished-at="2022-07-12T18:31:58 IST" duration-ms="13439">
      <class name="TestNg.Sync">
        <test-method is-config="true" signature="openBrowser()[pri:0, instance:TestNg.Sync@57a3af25]" started-at="2022-07-12T18:31:44 IST" name="openBrowser" finished-at="2022-07-12T18:31:52 IST" duration-ms="7875" status="PASS">
          <reporter-output>
          </reporter-output>
        </test-method> <!-- openBrowser -->
        <test-method signature="verifyTitle()[pri:0, instance:TestNg.Sync@57a3af25]" started-at="2022-07-12T18:31:52 IST" name="verifyTitle" finished-at="2022-07-12T18:31:58 IST" duration-ms="5516" status="PASS">
          <reporter-output>
          </reporter-output>
        </test-method> <!-- verifyTitle -->
        <test-method is-config="true" signature="tearDown()[pri:0, instance:TestNg.Sync@57a3af25]" started-at="2022-07-12T18:31:58 IST" name="tearDown" finished-at="2022-07-12T18:31:58 IST" duration-ms="0" status="PASS">
          <reporter-output>
          </reporter-output>
        </test-method> <!-- tearDown -->
      </class> <!-- TestNg.Sync -->
    </test> <!-- Default test -->
  </suite> <!-- Default suite -->
</testng-results>
